0 info it worked if it ends with ok
1 verbose cli [ '/home/kiddo/.nvm/versions/node/v6.3.1/bin/node',
1 verbose cli   '/home/kiddo/.nvm/versions/node/v6.3.1/bin/npm',
1 verbose cli   'run',
1 verbose cli   'deploy' ]
2 info using npm@3.10.3
3 info using node@v6.3.1
4 verbose run-script [ 'predeploy', 'deploy', 'postdeploy' ]
5 info lifecycle aframe-boilerplate@0.0.0~predeploy: aframe-boilerplate@0.0.0
6 silly lifecycle aframe-boilerplate@0.0.0~predeploy: no script for predeploy, continuing
7 info lifecycle aframe-boilerplate@0.0.0~deploy: aframe-boilerplate@0.0.0
8 verbose lifecycle aframe-boilerplate@0.0.0~deploy: unsafe-perm in lifecycle true
9 verbose lifecycle aframe-boilerplate@0.0.0~deploy: PATH: /home/kiddo/.nvm/versions/node/v6.3.1/lib/node_modules/npm/bin/node-gyp-bin:/home/kiddo/Documents/Lab/aamaze-web/node_modules/.bin:/home/kiddo/.nvm/versions/node/v6.3.1/bin:/home/kiddo/.nvm/versions/node/v6.3.1/bin:/home/kiddo/bin:/home/kiddo/.local/bin:/usr/local/sbin:/usr/local/bin:/usr/sbin:/usr/bin:/sbin:/bin:/usr/games:/usr/local/games:/snap/bin
10 verbose lifecycle aframe-boilerplate@0.0.0~deploy: CWD: /home/kiddo/Documents/Lab/aamaze-web
11 silly lifecycle aframe-boilerplate@0.0.0~deploy: Args: [ '-c', 'ghpages' ]
12 silly lifecycle aframe-boilerplate@0.0.0~deploy: Returned: code: 1  signal: null
13 info lifecycle aframe-boilerplate@0.0.0~deploy: Failed to exec deploy script
14 verbose stack Error: aframe-boilerplate@0.0.0 deploy: `ghpages`
14 verbose stack Exit status 1
14 verbose stack     at EventEmitter.<anonymous> (/home/kiddo/.nvm/versions/node/v6.3.1/lib/node_modules/npm/lib/utils/lifecycle.js:242:16)
14 verbose stack     at emitTwo (events.js:106:13)
14 verbose stack     at EventEmitter.emit (events.js:191:7)
14 verbose stack     at ChildProcess.<anonymous> (/home/kiddo/.nvm/versions/node/v6.3.1/lib/node_modules/npm/lib/utils/spawn.js:40:14)
14 verbose stack     at emitTwo (events.js:106:13)
14 verbose stack     at ChildProcess.emit (events.js:191:7)
14 verbose stack     at maybeClose (internal/child_process.js:852:16)
14 verbose stack     at Process.ChildProcess._handle.onexit (internal/child_process.js:215:5)
15 verbose pkgid aframe-boilerplate@0.0.0
16 verbose cwd /home/kiddo/Documents/Lab/aamaze-web
17 error Linux 4.4.0-31-generic
18 error argv "/home/kiddo/.nvm/versions/node/v6.3.1/bin/node" "/home/kiddo/.nvm/versions/node/v6.3.1/bin/npm" "run" "deploy"
19 error node v6.3.1
20 error npm  v3.10.3
21 error code ELIFECYCLE
22 error aframe-boilerplate@0.0.0 deploy: `ghpages`
22 error Exit status 1
23 error Failed at the aframe-boilerplate@0.0.0 deploy script 'ghpages'.
23 error Make sure you have the latest version of node.js and npm installed.
23 error If you do, this is most likely a problem with the aframe-boilerplate package,
23 error not with npm itself.
23 error Tell the author that this fails on your system:
23 error     ghpages
23 error You can get information on how to open an issue for this project with:
23 error     npm bugs aframe-boilerplate
23 error Or if that isn't available, you can get their info via:
23 error     npm owner ls aframe-boilerplate
23 error There is likely additional logging output above.
24 verbose exit [ 1, true ]
